22/08/20 08:59:46 - ===========================================
22/08/20 08:59:46 - Form: formPrincipal
22/08/20 08:59:46 - Caption: SimpleOS
22/08/20 08:59:46 - Erro:EIBNativeException
22/08/20 08:59:46 - Erro:[FireDAC][Phys][FB]Dynamic SQL Error
SQL error code = -204
Table unknown
AUXILIAR
At line 1, column 15
22/08/20 09:00:38 - ===========================================
22/08/20 09:00:38 - Form: formPrincipal
22/08/20 09:00:38 - Caption: SimpleOS
22/08/20 09:00:38 - Erro:EAccessViolation
22/08/20 09:00:38 - Erro:Access violation at address 00BDF523 in module 'SimplesOS_PRO.exe'. Read of address 00000004
22/08/20 09:02:28 - ===========================================
22/08/20 09:02:28 - Form: formPrincipal
22/08/20 09:02:28 - Caption: SimpleOS
22/08/20 09:02:28 - Erro:EAccessViolation
22/08/20 09:02:28 - Erro:Access violation at address 00BDF523 in module 'SimplesOS_PRO.exe'. Read of address 00000004
22/08/20 09:03:28 - ===========================================
22/08/20 09:03:28 - Form: formPrincipal
22/08/20 09:03:28 - Caption: SimpleOS
22/08/20 09:03:28 - Erro:EAccessViolation
22/08/20 09:03:28 - Erro:Access violation at address 00BDF523 in module 'SimplesOS_PRO.exe'. Read of address 00000004
22/08/20 09:03:57 - ===========================================
22/08/20 09:03:57 - Form: formPrincipal
22/08/20 09:03:57 - Caption: SimpleOS
22/08/20 09:03:57 - Erro:EAccessViolation
22/08/20 09:03:57 - Erro:Access violation at address 00BDF523 in module 'SimplesOS_PRO.exe'. Read of address 00000004
24/08/20 20:40:01 - ===========================================
24/08/20 20:40:01 - Form: formPrincipal
24/08/20 20:40:01 - Caption: SimpleOS
24/08/20 20:40:01 - Erro:EAccessViolation
24/08/20 20:40:01 - Erro:Access violation at address 00BE35A3 in module 'SimplesOS_PRO.exe'. Read of address 00000004
25/08/20 20:02:25 - ===========================================
25/08/20 20:02:25 - Form: formPrincipal
25/08/20 20:02:25 - Caption: SimpleOS
25/08/20 20:02:25 - Erro:EAccessViolation
25/08/20 20:02:25 - Erro:Access violation at address 00BE35A3 in module 'SimplesOS_PRO.exe'. Read of address 00000004
05/09/20 14:19:57 - ===========================================
05/09/20 14:19:57 - Form: formPrincipal
05/09/20 14:19:57 - Caption: SimpleOS
05/09/20 14:19:57 - Erro:Exception
05/09/20 14:19:57 - Erro:Você não possui acesso a este recurso.
05/09/20 14:20:45 - ===========================================
05/09/20 14:20:45 - Form: formPrincipal
05/09/20 14:20:45 - Caption: SimpleOS
05/09/20 14:20:45 - Erro:Exception
05/09/20 14:20:45 - Erro:Você não possui acesso a este recurso.
05/09/20 14:20:54 - ===========================================
05/09/20 14:20:54 - Form: formPrincipal
05/09/20 14:20:54 - Caption: SimpleOS
05/09/20 14:20:54 - Erro:Exception
05/09/20 14:20:54 - Erro:Você não possui acesso a este recurso.
13/09/20 17:19:36 - ===========================================
13/09/20 17:19:36 - Form: formPrincipal
13/09/20 17:19:36 - Caption: SimpleOS
13/09/20 17:19:36 - Erro:Exception
13/09/20 17:19:36 - Erro:Você não possui acesso a este recurso.
14/09/20 18:29:25 - ===========================================
14/09/20 18:29:25 - Form: formPrincipal
14/09/20 18:29:25 - Caption: SimpleOS
14/09/20 18:29:25 - Erro:EAccessViolation
14/09/20 18:29:25 - Erro:Access violation at address 00BE35A3 in module 'SimplesOS_PRO.exe'. Read of address 00000004
14/09/20 18:30:51 - ===========================================
14/09/20 18:30:51 - Form: formPrincipal
14/09/20 18:30:51 - Caption: SimpleOS
14/09/20 18:30:51 - Erro:Exception
14/09/20 18:30:51 - Erro:Você não possui acesso a este recurso.
25/10/20 10:35:23 - ===========================================
25/10/20 10:35:23 - Form: formQuitarParcelasVendas
25/10/20 10:35:23 - Caption: Ver parcelas das vendas realizadas
25/10/20 10:35:23 - Erro:EConvertError
25/10/20 10:35:23 - Erro:'  /  /    ' is not a valid date
25/10/20 10:37:17 - ===========================================
25/10/20 10:37:17 - Form: formQuitarParcelasVendas
25/10/20 10:37:17 - Caption: Ver parcelas das vendas realizadas
25/10/20 10:37:17 - Erro:Exception
25/10/20 10:37:17 - Erro:ERRO! Informe o código da venda que esta inserindo a parela
25/10/20 11:01:01 - ===========================================
25/10/20 11:01:01 - Form: formPrincipal
25/10/20 11:01:01 - Caption: SimpleOS
25/10/20 11:01:01 - Erro:EAccessViolation
25/10/20 11:01:01 - Erro:Access violation at address 00BE35A3 in module 'SimplesOS_PRO.exe'. Read of address 00000004
25/10/20 11:36:51 - ===========================================
25/10/20 11:36:51 - Form: FormVendaConfirmarPagamento
25/10/20 11:36:51 - Caption: '
25/10/20 11:36:51 - Erro:Exception
25/10/20 11:36:51 - Erro:Não é possível parcelas um venda sem um cliente definido.
25/10/20 13:50:16 - ===========================================
25/10/20 13:50:16 - Form: formPrincipal
25/10/20 13:50:16 - Caption: SimpleOS
25/10/20 13:50:16 - Erro:EAccessViolation
25/10/20 13:50:16 - Erro:Access violation at address 00BE35A3 in module 'SimplesOS_PRO.exe'. Read of address 00000004
25/10/20 14:19:31 - ===========================================
25/10/20 14:19:31 - Form: formPrincipal
25/10/20 14:19:31 - Caption: SimpleOS
25/10/20 14:19:31 - Erro:EAccessViolation
25/10/20 14:19:31 - Erro:Access violation at address 00BE35A3 in module 'SimplesOS_PRO.exe'. Read of address 00000004
27/10/20 18:26:22 - ===========================================
27/10/20 18:26:22 - Form: formPrincipal
27/10/20 18:26:22 - Caption: SimpleOS
27/10/20 18:26:22 - Erro:EAccessViolation
27/10/20 18:26:22 - Erro:Access violation at address 00BE35A3 in module 'SimplesOS_PRO.exe'. Read of address 00000004
01/11/20 14:09:05 - ===========================================
01/11/20 14:09:05 - Form: FormLocalizarServicos
01/11/20 14:09:05 - Caption: Localizar serviços
01/11/20 14:09:05 - Erro:Exception
01/11/20 14:09:05 - Erro:É necessário o código do usuário.
01/11/20 14:09:17 - ===========================================
01/11/20 14:09:17 - Form: formPrincipal
01/11/20 14:09:17 - Caption: SimpleOS
01/11/20 14:09:17 - Erro:EAccessViolation
01/11/20 14:09:17 - Erro:Access violation at address 00BE7073 in module 'SimplesOS_PRO.exe'. Read of address 00000004
01/11/20 14:09:47 - ===========================================
01/11/20 14:09:47 - Form: FormLocalizarServicos
01/11/20 14:09:47 - Caption: Localizar serviços
01/11/20 14:09:47 - Erro:Exception
01/11/20 14:09:47 - Erro:É necessário o código do usuário.
01/11/20 14:09:55 - ===========================================
01/11/20 14:09:55 - Form: formPrincipal
01/11/20 14:09:55 - Caption: SimpleOS
01/11/20 14:09:55 - Erro:EAccessViolation
01/11/20 14:09:55 - Erro:Access violation at address 00BE7073 in module 'SimplesOS_PRO.exe'. Read of address 00000004
01/11/20 14:10:14 - ===========================================
01/11/20 14:10:14 - Form: FormLocalizarServicos
01/11/20 14:10:14 - Caption: Localizar serviços
01/11/20 14:10:14 - Erro:Exception
01/11/20 14:10:14 - Erro:É necessário o código do usuário.
01/11/20 14:10:21 - ===========================================
01/11/20 14:10:21 - Form: formPrincipal
01/11/20 14:10:21 - Caption: SimpleOS
01/11/20 14:10:21 - Erro:EAccessViolation
01/11/20 14:10:21 - Erro:Access violation at address 00BE7073 in module 'SimplesOS_PRO.exe'. Read of address 00000004
01/11/20 14:25:48 - ===========================================
01/11/20 14:25:48 - Form: FormLocalizarServicos
01/11/20 14:25:48 - Caption: Localizar serviços
01/11/20 14:25:48 - Erro:EIBNativeException
01/11/20 14:25:48 - Erro:[FireDAC][Phys][FB]Dynamic SQL Error
SQL error code = -206
Column unknown
SEVICO
At line 1, column 37
01/11/20 14:50:25 - ===========================================
01/11/20 14:50:25 - Form: formCriarConsultarOrdemServico
01/11/20 14:50:25 - Caption: 
01/11/20 14:50:25 - Erro:EIBNativeException
01/11/20 14:50:25 - Erro:[FireDAC][Phys][FB]violation of FOREIGN KEY constraint "FK_SERVICOS_ORDEM_2" on table "SERVICOS_ORDEM"
Foreign key reference target does not exist
Problematic key value is ("ID_SERVICO" = 0)
01/11/20 14:51:27 - ===========================================
01/11/20 14:51:27 - Form: formPrincipal
01/11/20 14:51:27 - Caption: SimpleOS
01/11/20 14:51:27 - Erro:EAccessViolation
01/11/20 14:51:27 - Erro:Access violation at address 00BE66EB in module 'SimplesOS_PRO.exe'. Read of address 00000004
