13/08/20 18:29:02 - ===========================================
13/08/20 18:29:02 - Form: formPrincipal
13/08/20 18:29:02 - Caption: SimpleOS
13/08/20 18:29:02 - Erro:EAccessViolation
13/08/20 18:29:02 - Erro:Access violation at address 00BDF523 in module 'SimplesOS_Standart.exe'. Read of address 00000004
13/08/20 18:31:34 - ===========================================
13/08/20 18:31:34 - Form: formPrincipal
13/08/20 18:31:34 - Caption: SimpleOS
13/08/20 18:31:34 - Erro:EAccessViolation
13/08/20 18:31:34 - Erro:Access violation at address 00BDF523 in module 'SimplesOS_Standart.exe'. Read of address 00000004
13/08/20 21:02:29 - ===========================================
13/08/20 21:02:29 - Form: formPrincipal
13/08/20 21:02:29 - Caption: SimpleOS
13/08/20 21:02:29 - Erro:EAccessViolation
13/08/20 21:02:29 - Erro:Access violation at address 00BDF523 in module 'SimplesOS_Standart.exe'. Read of address 00000004
15/08/20 17:02:56 - ===========================================
15/08/20 17:02:56 - Form: formPrincipal
15/08/20 17:02:56 - Caption: SimpleOS
15/08/20 17:02:56 - Erro:Exception
15/08/20 17:02:56 - Erro:Você não possui acesso a este recurso.
15/08/20 17:05:12 - ===========================================
15/08/20 17:05:12 - Form: formPrincipal
15/08/20 17:05:12 - Caption: SimpleOS
15/08/20 17:05:12 - Erro:Exception
15/08/20 17:05:12 - Erro:Você não possui acesso a este recurso.
15/08/20 17:06:42 - ===========================================
15/08/20 17:06:42 - Form: formPrincipal
15/08/20 17:06:42 - Caption: SimpleOS
15/08/20 17:06:42 - Erro:Exception
15/08/20 17:06:42 - Erro:Você não possui acesso a este recurso.
15/08/20 17:07:00 - ===========================================
15/08/20 17:07:00 - Form: formPrincipal
15/08/20 17:07:00 - Caption: SimpleOS
15/08/20 17:07:00 - Erro:Exception
15/08/20 17:07:00 - Erro:Você não possui acesso a este recurso.
15/08/20 17:08:16 - ===========================================
15/08/20 17:08:16 - Form: formPrincipal
15/08/20 17:08:16 - Caption: SimpleOS
15/08/20 17:08:16 - Erro:Exception
15/08/20 17:08:16 - Erro:Você não possui acesso a este recurso.
15/08/20 17:09:36 - ===========================================
15/08/20 17:09:36 - Form: formPrincipal
15/08/20 17:09:36 - Caption: SimpleOS
15/08/20 17:09:36 - Erro:Exception
15/08/20 17:09:36 - Erro:Você não possui acesso a este recurso.
15/10/20 17:11:09 - ===========================================
15/10/20 17:11:09 - Form: formPrincipal
15/10/20 17:11:09 - Caption: SimpleOS
15/10/20 17:11:09 - Erro:EAccessViolation
15/10/20 17:11:09 - Erro:Access violation at address 00BE2013 in module 'SimplesOS_Standart.exe'. Read of address 00000004
15/10/20 17:11:36 - ===========================================
15/10/20 17:11:36 - Form: formPrincipal
15/10/20 17:11:36 - Caption: SimpleOS
15/10/20 17:11:36 - Erro:Exception
15/10/20 17:11:36 - Erro:Você não possui acesso a este recurso.
15/10/20 17:12:21 - ===========================================
15/10/20 17:12:21 - Form: formPrincipal
15/10/20 17:12:21 - Caption: SimpleOS
15/10/20 17:12:21 - Erro:Exception
15/10/20 17:12:21 - Erro:Você não possui acesso a este recurso.
15/08/20 18:19:53 - ===========================================
15/08/20 18:19:53 - Form: 
15/08/20 18:20:19 - ===========================================
15/08/20 18:20:19 - Form: 
15/08/20 18:20:43 - ===========================================
15/08/20 18:20:43 - Form: 
15/08/20 18:31:30 - ===========================================
15/08/20 18:31:30 - Form: 
16/08/20 11:15:16 - ===========================================
16/08/20 11:15:16 - Form: 
19/08/20 20:04:58 - ===========================================
19/08/20 20:04:58 - Form: 
19/08/20 20:06:39 - ===========================================
19/08/20 20:06:39 - Form: 
22/08/20 09:10:29 - ===========================================
22/08/20 09:10:29 - Form: formPrincipal
22/08/20 09:10:29 - Caption: SimpleOS
22/08/20 09:10:29 - Erro:EIBNativeException
22/08/20 09:10:29 - Erro:[FireDAC][Phys][FB]Dynamic SQL Error
SQL error code = -204
Table unknown
AUXILIAR
At line 1, column 15
22/08/20 09:10:49 - ===========================================
22/08/20 09:10:49 - Form: formPrincipal
22/08/20 09:10:49 - Caption: SimpleOS
22/08/20 09:10:49 - Erro:EAccessViolation
22/08/20 09:10:49 - Erro:Access violation at address 00BE3E9B in module 'SimplesOS_Standart.exe'. Read of address 00000004
22/08/20 09:11:09 - ===========================================
22/08/20 09:11:09 - Form: formPrincipal
22/08/20 09:11:09 - Caption: SimpleOS
22/08/20 09:11:09 - Erro:EAccessViolation
22/08/20 09:11:09 - Erro:Access violation at address 00BE3E9B in module 'SimplesOS_Standart.exe'. Read of address 00000004
05/09/20 14:10:14 - ===========================================
05/09/20 14:10:14 - Form: formPrincipal
05/09/20 14:10:14 - Caption: SimpleOS
05/09/20 14:10:14 - Erro:Exception
05/09/20 14:10:14 - Erro:Você não possui acesso a este recurso.
05/09/20 14:13:00 - ===========================================
05/09/20 14:13:00 - Form: formPrincipal
05/09/20 14:13:00 - Caption: SimpleOS
05/09/20 14:13:00 - Erro:Exception
05/09/20 14:13:00 - Erro:Você não possui acesso a este recurso.
05/09/20 14:17:41 - ===========================================
05/09/20 14:17:41 - Form: formPrincipal
05/09/20 14:17:41 - Caption: SimpleOS
05/09/20 14:17:41 - Erro:Exception
05/09/20 14:17:41 - Erro:Você não possui acesso a este recurso.
05/09/20 14:34:03 - ===========================================
05/09/20 14:34:03 - Form: formPrincipal
05/09/20 14:34:03 - Caption: SimpleOS
05/09/20 14:34:03 - Erro:Exception
05/09/20 14:34:03 - Erro:Você não possui acesso a este recurso.
